#-----------------------------------------------------------
# Vivado v2019.1 (64-bit)
# SW Build 2552052 on Fri May 24 14:47:09 MDT 2019
# IP Build 2548770 on Fri May 24 18:01:18 MDT 2019
# Start of session at: Thu Jul 18 08:59:20 2019
# Process ID: 20483
# Current directory: /home/lzc/workspace/decoder/vivado_rtl_kernel
# Command line: vivado -mode batch -source /tmp/sdx13910448952113899611.tmp -notrace
# Log file: /home/lzc/workspace/decoder/vivado_rtl_kernel/vivado.log
# Journal file: /home/lzc/workspace/decoder/vivado_rtl_kernel/vivado.jou
#-----------------------------------------------------------
source /tmp/sdx13910448952113899611.tmp -notrace
create_project: Time (s): cpu = 00:00:03 ; elapsed = 00:00:06 . Memory (MB): peak = 1397.961 ; gain = 2.016 ; free physical = 612 ; free virtual = 7518
INFO: [IP_Flow 19-234] Refreshing IP repositories
INFO: [IP_Flow 19-1704] No user IP repositories specified
INFO: [IP_Flow 19-2313] Loaded Vivado IP repository '/home/lzc/document/Xilinx/Vivado/2019.1/data/ip'.
create_ip -name sdx_kernel_wizard -vendor xilinx.com -library ip -version 1.0 -module_name Vadd_A_B
create_ip: Time (s): cpu = 00:00:05 ; elapsed = 00:00:09 . Memory (MB): peak = 6431.637 ; gain = 0.000 ; free physical = 205 ; free virtual = 7203
set_property -dict [list CONFIG.Component_Name {Vadd_A_B} CONFIG.KERNEL_NAME {Vadd_A_B} CONFIG.NUM_M_AXI {2} CONFIG.M00_AXI_ARG00_NAME {A} CONFIG.M01_AXI_ARG00_NAME {B}] [get_ips Vadd_A_B]
WARNING: [Vivado 12-3523] Attempt to change 'Component_Name' from 'Vadd_A_B' to 'Vadd_A_B' is not allowed and is ignored.
generate_target {instantiation_template} [get_files /home/lzc/workspace/decoder/vivado_rtl_kernel/vivado_rtl_kernel.srcs/sources_1/ip/Vadd_A_B/Vadd_A_B.xci]
INFO: [IP_Flow 19-1686] Generating 'Instantiation Template' target for IP 'Vadd_A_B'...
set_property generate_synth_checkpoint false [get_files /home/lzc/workspace/decoder/vivado_rtl_kernel/vivado_rtl_kernel.srcs/sources_1/ip/Vadd_A_B/Vadd_A_B.xci]
generate_target all [get_files /home/lzc/workspace/decoder/vivado_rtl_kernel/vivado_rtl_kernel.srcs/sources_1/ip/Vadd_A_B/Vadd_A_B.xci]
INFO: [IP_Flow 19-1686] Generating 'Instantiation Template' target for IP 'Vadd_A_B'...
INFO: [IP_Flow 19-1686] Generating 'Synthesis' target for IP 'Vadd_A_B'...
export_ip_user_files -of_objects [get_files /home/lzc/workspace/decoder/vivado_rtl_kernel/vivado_rtl_kernel.srcs/sources_1/ip/Vadd_A_B/Vadd_A_B.xci] -no_script -sync -force -quiet
start_gui
open_example_project -force -dir /home/lzc/workspace/decoder/vivado_rtl_kernel [get_ips Vadd_A_B]
INFO: [IP_Flow 19-1686] Generating 'Examples' target for IP 'Vadd_A_B'...
open_example_project: Time (s): cpu = 00:00:04 ; elapsed = 00:04:48 . Memory (MB): peak = 6439.578 ; gain = 5.941 ; free physical = 183 ; free virtual = 6364
exit
INFO: [Common 17-206] Exiting Vivado at Thu Jul 18 09:06:29 2019...
