INFO-FLOW: Workspace /home/lzc/workspace/decoder/vivado_rtl_kernel/Vadd_A_B_ex/imports/hls/prj/sol opened at Thu Jul 18 09:02:53 CST 2019
Execute   set_part xcu200-fsgd2104-2-e 
Execute     ap_part_info -name xcu200-fsgd2104-2-e -data single -quiet 
Command     ap_part_info done; 4.15 sec.
Execute     ap_part_info -name xcu200-fsgd2104-2-e -data info 
Execute     add_library xilinx/virtexuplus/virtexuplus:xcu200:-fsgd2104:-2-e 
Execute       get_default_platform 
Execute       license_isbetapart xcu200 
Command       license_isbetapart done; error code: 1; 
Execute       open_platform DefaultPlatform 
Execute       import_lib /home/lzc/document/Xilinx/Vivado/2019.1/common/technology/xilinx/virtexuplus/virtexuplus 
Execute         source /home/lzc/document/Xilinx/Vivado/2019.1/common/technology/xilinx/common/xilinx.lib 
Execute           source /home/lzc/document/Xilinx/Vivado/2019.1/common/technology/xilinx/interface/xilinx_interface.lib 
Execute             source /home/lzc/document/Xilinx/Vivado/2019.1/common/technology/xilinx/interface/plb46.lib 
Execute             source /home/lzc/document/Xilinx/Vivado/2019.1/common/technology/xilinx/interface/fsl.lib 
Execute             source /home/lzc/document/Xilinx/Vivado/2019.1/common/technology/xilinx/interface/axi4.lib 
Execute             source /home/lzc/document/Xilinx/Vivado/2019.1/common/technology/xilinx/interface/maxi.lib 
Execute             source /home/lzc/document/Xilinx/Vivado/2019.1/common/technology/xilinx/interface/saxilite.lib 
Execute           source /home/lzc/document/Xilinx/Vivado/2019.1/common/technology/xilinx/common/dsp48.lib 
Execute           source /home/lzc/document/Xilinx/Vivado/2019.1/common/technology/xilinx/ip/xfft.lib 
Execute           source /home/lzc/document/Xilinx/Vivado/2019.1/common/technology/xilinx/ip/dds_compiler.lib 
Execute           source /home/lzc/document/Xilinx/Vivado/2019.1/common/technology/xilinx/ip/xfir.lib 
Command         ap_source done; 0.16 sec.
Execute         source /home/lzc/document/Xilinx/Vivado/2019.1/common/technology/xilinx/common/xilinx.hlp 
Execute           source /home/lzc/document/Xilinx/Vivado/2019.1/common/technology/xilinx/common/target_info.tcl 
Execute           source /home/lzc/document/Xilinx/Vivado/2019.1/common/technology/xilinx/interface/xilinx_interface.hlp 
Execute             source /home/lzc/document/Xilinx/Vivado/2019.1/common/technology/xilinx/interface/maxi.hlp 
Execute             source /home/lzc/document/Xilinx/Vivado/2019.1/common/technology/xilinx/interface/saxilite.hlp 
Execute           source /home/lzc/document/Xilinx/Vivado/2019.1/common/technology/xilinx/common/dsp48.hlp 
Execute         source /home/lzc/document/Xilinx/Vivado/2019.1/common/technology/xilinx/virtexuplus/dsp48e2.hlp 
Execute         source /home/lzc/document/Xilinx/Vivado/2019.1/common/technology/xilinx/common/xilinx.hlp 
Execute           source /home/lzc/document/Xilinx/Vivado/2019.1/common/technology/xilinx/common/target_info.tcl 
Execute           source /home/lzc/document/Xilinx/Vivado/2019.1/common/technology/xilinx/interface/xilinx_interface.hlp 
Execute             source /home/lzc/document/Xilinx/Vivado/2019.1/common/technology/xilinx/interface/maxi.hlp 
Execute             source /home/lzc/document/Xilinx/Vivado/2019.1/common/technology/xilinx/interface/saxilite.hlp 
Execute           source /home/lzc/document/Xilinx/Vivado/2019.1/common/technology/xilinx/common/dsp48.hlp 
Command       import_lib done; 0.3 sec.
Execute       source /home/lzc/document/Xilinx/Vivado/2019.1/common/technology/xilinx/virtexuplus/virtexuplus.gen 
Execute         source /home/lzc/document/Xilinx/Vivado/2019.1/common/technology/xilinx/common/xilinx.gen 
Execute           source /home/lzc/document/Xilinx/Vivado/2019.1/common/technology/xilinx/interface/plb46.gen 
Execute           source /home/lzc/document/Xilinx/Vivado/2019.1/common/technology/xilinx/interface/fsl.gen 
Execute           source /home/lzc/document/Xilinx/Vivado/2019.1/common/technology/xilinx/interface/axi4.gen 
Execute           source /home/lzc/document/Xilinx/Vivado/2019.1/common/technology/xilinx/interface/nativeAXI4.gen 
Execute             source /home/lzc/document/Xilinx/Vivado/2019.1/common/technology/xilinx/interface/saxilite.gen 
Execute             source /home/lzc/document/Xilinx/Vivado/2019.1/common/technology/xilinx/interface/maxi.gen 
Execute           source /home/lzc/document/Xilinx/Vivado/2019.1/common/technology/xilinx/scripts/xilinxcoregen.gen 
Execute           source /home/lzc/document/Xilinx/Vivado/2019.1/common/technology/xilinx/interface/XilEDKCoreGen.gen 
Execute           source /home/lzc/document/Xilinx/Vivado/2019.1/common/technology/xilinx/ip/dds_compiler.gen 
Execute           source /home/lzc/document/Xilinx/Vivado/2019.1/common/technology/xilinx/ip/util.gen 
Execute           source /home/lzc/document/Xilinx/Vivado/2019.1/common/technology/xilinx/ip/xfft.gen 
Command           ap_source done; 1.04 sec.
Execute           source /home/lzc/document/Xilinx/Vivado/2019.1/common/technology/xilinx/ip/xfir.gen 
Execute           source /home/lzc/document/Xilinx/Vivado/2019.1/common/technology/xilinx/common/dsp48.gen 
Command         ap_source done; 1.31 sec.
Command       ap_source done; 1.33 sec.
Execute       ap_part_info -data single -name xcu200-fsgd2104-2-e 
Execute       ap_part_info -name xcu200-fsgd2104-2-e -data resources 
Execute       ap_part_info -name xcu200-fsgd2104-2-e -data info 
Execute       ap_part_info -name xcu200-fsgd2104-2-e -data info 
Execute       config_chip_info -quiet -resource {SLICE 147780} {LUT 1182240} {FF 2364480} {DSP48E 6840} {BRAM 4320} {URAM 960} {SLR 3} 
Execute       ap_part_info -name xcu200-fsgd2104-2-e -data info 
Execute       config_chip_info -quiet -speed medium 
Command     add_library done; 1.78 sec.
Execute     add_library xilinx/virtexuplus/virtexuplus_fpv7 
Execute       get_default_platform 
Execute       open_platform DefaultPlatform 
Execute       import_lib /home/lzc/document/Xilinx/Vivado/2019.1/common/technology/xilinx/virtexuplus/virtexuplus_fpv7 
Execute         source /home/lzc/document/Xilinx/Vivado/2019.1/common/technology/xilinx/common/xilinx_fp.lib 
Execute         source /home/lzc/document/Xilinx/Vivado/2019.1/common/technology/xilinx/common/xilinx_fp.hlp 
Execute           source /home/lzc/document/Xilinx/Vivado/2019.1/common/technology/xilinx/common/xilinx.hlp 
Execute             source /home/lzc/document/Xilinx/Vivado/2019.1/common/technology/xilinx/common/target_info.tcl 
Execute             source /home/lzc/document/Xilinx/Vivado/2019.1/common/technology/xilinx/interface/xilinx_interface.hlp 
Execute               source /home/lzc/document/Xilinx/Vivado/2019.1/common/technology/xilinx/interface/maxi.hlp 
Execute               source /home/lzc/document/Xilinx/Vivado/2019.1/common/technology/xilinx/interface/saxilite.hlp 
Execute             source /home/lzc/document/Xilinx/Vivado/2019.1/common/technology/xilinx/common/dsp48.hlp 
Execute       source /home/lzc/document/Xilinx/Vivado/2019.1/common/technology/xilinx/virtexuplus/virtexuplus_fpv7.gen 
Execute         source /home/lzc/document/Xilinx/Vivado/2019.1/common/technology/xilinx/common/xilinx_fp.gen 
Command     add_library done; 0.14 sec.
INFO: [HLS 200-10] Setting target device to 'xcu200-fsgd2104-2-e'
Execute     ap_part_info -name xcu200-fsgd2104-2-e -data info 
Execute     get_default_platform 
Command   set_part done; 6.9 sec.
Execute   add_files ../Vadd_A_B_cmodel.cpp 
INFO: [HLS 200-10] Adding design file '../Vadd_A_B_cmodel.cpp' to the project
Execute     is_xip ../Vadd_A_B_cmodel.cpp 
Execute   set_top Vadd_A_B 
Execute   config_sdx -optimization_level none -target xocc 
WARNING: [HLS 200-483] The 'config_sdx -optimization_level' command is deprecated and will be removed in a future release. Use 'config_export -vivado_optimization_level' as its replacement.
Execute     send_msg_by_id INFO @200-435@%s%s 'config_sdx -optimization_level' config_export -vivado_optimization_level=2 
INFO: [HLS 200-435] Setting 'config_sdx -optimization_level' configuration: config_export -vivado_optimization_level=2
Execute     config_export -vivado_optimization_level=2 
Execute       get_config_export -vivado_impl_strategy 
Execute       get_config_export -vivado_phys_opt 
Execute     send_msg_by_id INFO @200-435@%s%s 'config_sdx -target' config_export -vivado_optimization_level=0 
INFO: [HLS 200-435] Setting 'config_sdx -target' configuration: config_export -vivado_optimization_level=0
Execute     config_export -vivado_optimization_level=0 
Execute       get_config_export -vivado_impl_strategy 
Execute       get_config_export -vivado_phys_opt 
Execute       send_msg_by_id INFO @200-435@%s%s 'config_export -vivado_optimization_level' config_export -vivado_phys_opt=none 
INFO: [HLS 200-435] Setting 'config_export -vivado_optimization_level' configuration: config_export -vivado_phys_opt=none
Execute       config_export -vivado_phys_opt=none 
Execute     get_config_compile -pipeline_loops 
Execute     send_msg_by_id INFO @200-435@%s%s 'config_sdx -target' config_compile -pipeline_loops=64 
INFO: [HLS 200-435] Setting 'config_sdx -target' configuration: config_compile -pipeline_loops=64
Execute     config_compile -pipeline_loops=64 
INFO: [XFORM 203-1171] Pipeline the innermost loop with trip count more than 64 or its parent loop when its trip count is less than or equal 64.
Execute     get_config_compile -name_max_length 
Execute     send_msg_by_id INFO @200-435@%s%s 'config_sdx -target' config_compile -name_max_length=256 
INFO: [HLS 200-435] Setting 'config_sdx -target' configuration: config_compile -name_max_length=256
Execute     config_compile -name_max_length=256 
INFO: [XFORM 203-1161] The maximum of name length is set into 256.
Execute     get_config_schedule -enable_dsp_full_reg 
Execute     send_msg_by_id INFO @200-435@%s%s 'config_sdx -target' config_schedule -enable_dsp_full_reg=1 
INFO: [HLS 200-435] Setting 'config_sdx -target' configuration: config_schedule -enable_dsp_full_reg=1
Execute     config_schedule -enable_dsp_full_reg=1 
Execute     get_config_rtl -register_reset_num 
Execute     send_msg_by_id INFO @200-435@%s%s 'config_sdx -target' config_rtl -register_reset_num=3 
INFO: [HLS 200-435] Setting 'config_sdx -target' configuration: config_rtl -register_reset_num=3
Execute     config_rtl -register_reset_num=3 
Execute     get_config_rtl -module_auto_prefix 
Execute     send_msg_by_id INFO @200-435@%s%s 'config_sdx -target' config_rtl -module_auto_prefix=1 
INFO: [HLS 200-435] Setting 'config_sdx -target' configuration: config_rtl -module_auto_prefix=1
Execute     config_rtl -module_auto_prefix=1 
Execute     get_config_interface -m_axi_addr64 
Execute     send_msg_by_id INFO @200-435@%s%s 'config_sdx -target' config_interface -m_axi_addr64=1 
INFO: [HLS 200-435] Setting 'config_sdx -target' configuration: config_interface -m_axi_addr64=1
Execute     config_interface -m_axi_addr64=1 
Execute     send_msg_by_id INFO @200-435@%s%s 'config_sdx -target' set_clock_uncertainty 27% 
INFO: [HLS 200-435] Setting 'config_sdx -target' configuration: set_clock_uncertainty 27%
Execute     set_clock_uncertainty 27% 
WARNING: [HLS 200-484] The 'config_sdx -optimization_level' command is deprecated and will be removed in a future release.
Command   config_sdx done; 0.19 sec.
Execute   config_rtl -auto_prefix=0 
WARNING: [HLS 200-483] The 'config_rtl -auto_prefix' command is deprecated and will be removed in a future release. Use 'config_rtl -module_auto_prefix' as its replacement.
Execute   csynth_design 
Execute     get_config_compile -dump_cfg 
Execute     get_config_compile -effort 
Execute     get_config_compile -enable_clang39 
Execute     get_config_compile -g 
Execute     get_config_compile -ng 
Execute     get_config_compile -opt_fp 
Execute     get_config_compile -skip_cdt 
Execute     get_config_compile -skip_syncheck 
Execute     get_config_compile -skip_transform 
Execute     get_config_compile -keep_printf 
Execute     elaborate -effort=medium -skip_syncheck=0 -keep_printf=0 -skip_cdt=0 -skip_transform=0 -ng=0 -g=0 -opt_fp=0 -from_csynth_design=1 
Execute       get_config_schedule -relax_ii_for_timing 
INFO: [SCHED 204-61] Option 'relax_ii_for_timing' is enabled, will increase II to preserve clock frequency constraints.
Execute       get_config_schedule -suppress_dependence_error_break 
INFO: [HLS 200-10] Analyzing design file '../Vadd_A_B_cmodel.cpp' ... 
INFO-FLOW: Compiling one TU...
Execute       is_m_axi_addr64 
INFO-FLOW: Handling ../Vadd_A_B_cmodel.cpp as C++
Execute       ap_part_info -name xcu200-fsgd2104-2-e -data info 
Execute       is_encrypted ../Vadd_A_B_cmodel.cpp 
Execute       ap_part_info -name xcu200-fsgd2104-2-e -data info 
INFO-FLOW: Running: GCC PP
INFO-FLOW: Source preprocessing
Execute       clang  -fno-limit-debug-info -gcc-toolchain "/home/lzc/document/Xilinx/Vivado/2019.1/lnx64/tools/gcc" -hls  -fno-exceptions  -D__llvm__  -E "../Vadd_A_B_cmodel.cpp"     -fno-math-errno -c -emit-llvm -O0  -mllvm -disable-llvm-optzns -fno-threadsafe-statics  -fno-use-cxa-atexit  -fno-threadsafe-statics -fno-use-cxa-atexit -D__CLANG_3_1__ -DAESL_SYN -D__SYNTHESIS__ -D__HLS_SYN__ -I "/home/lzc/document/Xilinx/Vivado/2019.1/common/technology/autopilot" -I "/home/lzc/document/Xilinx/Vivado/2019.1/common/technology/autopilot/ap_sysc" -include etc/autopilot_ssdm_op.h -D__DSP48E2__  -o "/home/lzc/workspace/decoder/vivado_rtl_kernel/Vadd_A_B_ex/imports/hls/prj/sol/.autopilot/db/Vadd_A_B_cmodel.pp.0.cpp" 
INFO-FLOW: exec /home/lzc/document/Xilinx/Vivado/2019.1/lnx64/tools/clang/bin/clang -fno-limit-debug-info -gcc-toolchain /home/lzc/document/Xilinx/Vivado/2019.1/lnx64/tools/gcc -hls -fno-exceptions -D__llvm__ -E ../Vadd_A_B_cmodel.cpp -fno-math-errno -c -emit-llvm -O0 -mllvm -disable-llvm-optzns -fno-threadsafe-statics -fno-use-cxa-atexit -fno-threadsafe-statics -fno-use-cxa-atexit -D__CLANG_3_1__ -DAESL_SYN -D__SYNTHESIS__ -D__HLS_SYN__ -I /home/lzc/document/Xilinx/Vivado/2019.1/common/technology/autopilot -I /home/lzc/document/Xilinx/Vivado/2019.1/common/technology/autopilot/ap_sysc -include etc/autopilot_ssdm_op.h -D__DSP48E2__ -o /home/lzc/workspace/decoder/vivado_rtl_kernel/Vadd_A_B_ex/imports/hls/prj/sol/.autopilot/db/Vadd_A_B_cmodel.pp.0.cpp
Command       clang done; 10.09 sec.
Execute       tidy_31 xilinx-xfmat-array-geometry /home/lzc/workspace/decoder/vivado_rtl_kernel/Vadd_A_B_ex/imports/hls/prj/sol/.autopilot/db/Vadd_A_B_cmodel.pp.0.cpp std=gnu++98 
INFO-FLOW: exec /home/lzc/document/Xilinx/Vivado/2019.1/lnx64/tools/clang-3.9-csynth/bin/tidy-3.1 -header-filter=.* -checks=-*,xilinx-xfmat-array-geometry -quiet -fix /home/lzc/workspace/decoder/vivado_rtl_kernel/Vadd_A_B_ex/imports/hls/prj/sol/.autopilot/db/Vadd_A_B_cmodel.pp.0.cpp -- -std=gnu++98 -fhls -ferror-limit=0
Command       tidy_31 done; 6.06 sec.
INFO-FLOW: Syntax Checking before pre-processing...
Execute       clang -syntaxcheck -src /home/lzc/workspace/decoder/vivado_rtl_kernel/Vadd_A_B_ex/imports/hls/prj/sol/.autopilot/db/Vadd_A_B_cmodel.pp.0.cpp  -fno-limit-debug-info -gcc-toolchain "/home/lzc/document/Xilinx/Vivado/2019.1/lnx64/tools/gcc" -hls    -fno-math-errno -c -emit-llvm -O0  -mllvm -disable-llvm-optzns -fno-threadsafe-statics  -fno-use-cxa-atexit  -fno-threadsafe-statics -fno-use-cxa-atexit -D__CLANG_3_1__ -DAESL_SYN -D__SYNTHESIS__ -D__HLS_SYN__ -I "/home/lzc/document/Xilinx/Vivado/2019.1/common/technology/autopilot" -I "/home/lzc/document/Xilinx/Vivado/2019.1/common/technology/autopilot/ap_sysc" -include etc/autopilot_ssdm_op.h -D__DSP48E2__  "/home/lzc/workspace/decoder/vivado_rtl_kernel/Vadd_A_B_ex/imports/hls/prj/sol/.autopilot/db/Vadd_A_B_cmodel.pp.0.cpp"  -o "/home/lzc/workspace/decoder/vivado_rtl_kernel/Vadd_A_B_ex/imports/hls/prj/sol/.autopilot/db/useless.bc"  
INFO-FLOW: exec /home/lzc/document/Xilinx/Vivado/2019.1/lnx64/tools/clang/bin/clang -fno-limit-debug-info -gcc-toolchain /home/lzc/document/Xilinx/Vivado/2019.1/lnx64/tools/gcc -hls -fno-math-errno -c -emit-llvm -O0 -mllvm -disable-llvm-optzns -fno-threadsafe-statics -fno-use-cxa-atexit -fno-threadsafe-statics -fno-use-cxa-atexit -D__CLANG_3_1__ -DAESL_SYN -D__SYNTHESIS__ -D__HLS_SYN__ -I /home/lzc/document/Xilinx/Vivado/2019.1/common/technology/autopilot -I /home/lzc/document/Xilinx/Vivado/2019.1/common/technology/autopilot/ap_sysc -include etc/autopilot_ssdm_op.h -D__DSP48E2__ /home/lzc/workspace/decoder/vivado_rtl_kernel/Vadd_A_B_ex/imports/hls/prj/sol/.autopilot/db/Vadd_A_B_cmodel.pp.0.cpp -o /home/lzc/workspace/decoder/vivado_rtl_kernel/Vadd_A_B_ex/imports/hls/prj/sol/.autopilot/db/useless.bc
Command       clang done; 12.31 sec.
INFO-FLOW: Done: GCC PP time: 28.5 seconds per iteration
Execute       source /home/lzc/document/Xilinx/Vivado/2019.1/tps/tcl/tcllib1.11.1/yaml/huddle.tcl 
Execute       source /home/lzc/document/Xilinx/Vivado/2019.1/tps/tcl/tcllib1.11.1/yaml/json2huddle.tcl 
Execute         source /home/lzc/document/Xilinx/Vivado/2019.1/tps/tcl/tcllib1.11.1/try/try.tcl 
Execute       list_core -type functional_unit 
Execute       tidy_31 xilinx-systemc-detector /home/lzc/workspace/decoder/vivado_rtl_kernel/Vadd_A_B_ex/imports/hls/prj/sol/.autopilot/db/Vadd_A_B_cmodel.pp.0.cpp std=gnu++98 -directive=/home/lzc/workspace/decoder/vivado_rtl_kernel/Vadd_A_B_ex/imports/hls/prj/sol/.autopilot/db/.systemc_flag 
INFO-FLOW: exec /home/lzc/document/Xilinx/Vivado/2019.1/lnx64/tools/clang-3.9-csynth/bin/tidy-3.1 -header-filter=.* -checks=-*,xilinx-systemc-detector -import-directive=/home/lzc/workspace/decoder/vivado_rtl_kernel/Vadd_A_B_ex/imports/hls/prj/sol/.autopilot/db/.systemc_flag -quiet -fix-errors /home/lzc/workspace/decoder/vivado_rtl_kernel/Vadd_A_B_ex/imports/hls/prj/sol/.autopilot/db/Vadd_A_B_cmodel.pp.0.cpp -- -std=gnu++98 -fhls -ferror-limit=0
Command       tidy_31 done; 4.95 sec.
INFO-FLOW: Running: tidy-3.1 CDT preprocess
Execute       tidy_31 xilinx-directive2pragma /home/lzc/workspace/decoder/vivado_rtl_kernel/Vadd_A_B_ex/imports/hls/prj/sol/.autopilot/db/Vadd_A_B_cmodel.pp.0.cpp std=gnu++98 -directive=/home/lzc/workspace/decoder/vivado_rtl_kernel/Vadd_A_B_ex/imports/hls/prj/sol/.autopilot/db/all.directive.json 
INFO-FLOW: exec /home/lzc/document/Xilinx/Vivado/2019.1/lnx64/tools/clang-3.9-csynth/bin/tidy-3.1 -header-filter=.* -checks=-*,xilinx-directive2pragma -import-directive=/home/lzc/workspace/decoder/vivado_rtl_kernel/Vadd_A_B_ex/imports/hls/prj/sol/.autopilot/db/all.directive.json -quiet -fix-errors /home/lzc/workspace/decoder/vivado_rtl_kernel/Vadd_A_B_ex/imports/hls/prj/sol/.autopilot/db/Vadd_A_B_cmodel.pp.0.cpp -- -std=gnu++98 -fhls -ferror-limit=0
Command       tidy_31 done; 5.25 sec.
Execute       get_config_dataflow -strict_mode 
Execute       ap_eval exec -ignorestderr /home/lzc/document/Xilinx/Vivado/2019.1/lnx64/tools/clang-3.9-csynth/bin/xilinx-dataflow-lawyer -export-fixes=/home/lzc/workspace/decoder/vivado_rtl_kernel/Vadd_A_B_ex/imports/hls/prj/sol/.autopilot/db/xilinx-dataflow-lawyer.Vadd_A_B_cmodel.pp.0.cpp.diag.yml /home/lzc/workspace/decoder/vivado_rtl_kernel/Vadd_A_B_ex/imports/hls/prj/sol/.autopilot/db/Vadd_A_B_cmodel.pp.0.cpp -- -std=gnu++98 -fhls -ferror-limit=0 -fstrict-dataflow > /home/lzc/workspace/decoder/vivado_rtl_kernel/Vadd_A_B_ex/imports/hls/prj/sol/.autopilot/db/xilinx-dataflow-lawyer.Vadd_A_B_cmodel.pp.0.cpp.out.log 2> /home/lzc/workspace/decoder/vivado_rtl_kernel/Vadd_A_B_ex/imports/hls/prj/sol/.autopilot/db/xilinx-dataflow-lawyer.Vadd_A_B_cmodel.pp.0.cpp.err.log 
Command       ap_eval done; 4.49 sec.
Execute       tidy_31 -errorcheck xilinx-constantarray-param,xilinx-resource-pragma-transformer,xilinx-xfmat-array-geometry /home/lzc/workspace/decoder/vivado_rtl_kernel/Vadd_A_B_ex/imports/hls/prj/sol/.autopilot/db/Vadd_A_B_cmodel.pp.0.cpp std=gnu++98 
Execute         ap_eval exec -ignorestderr /home/lzc/document/Xilinx/Vivado/2019.1/lnx64/tools/clang-3.9-csynth/bin/tidy-3.1 -export-fixes=/home/lzc/workspace/decoder/vivado_rtl_kernel/Vadd_A_B_ex/imports/hls/prj/sol/.autopilot/db/tidy-3.1.Vadd_A_B_cmodel.pp.0.cpp.diag.yml -header-filter=.* -checks=-*,xilinx-constantarray-param,xilinx-resource-pragma-transformer,xilinx-xfmat-array-geometry -quiet -fix-errors /home/lzc/workspace/decoder/vivado_rtl_kernel/Vadd_A_B_ex/imports/hls/prj/sol/.autopilot/db/Vadd_A_B_cmodel.pp.0.cpp -- -std=gnu++98 -fhls -ferror-limit=0 > /home/lzc/workspace/decoder/vivado_rtl_kernel/Vadd_A_B_ex/imports/hls/prj/sol/.autopilot/db/tidy-3.1.Vadd_A_B_cmodel.pp.0.cpp.out.log 2> /home/lzc/workspace/decoder/vivado_rtl_kernel/Vadd_A_B_ex/imports/hls/prj/sol/.autopilot/db/tidy-3.1.Vadd_A_B_cmodel.pp.0.cpp.err.log 
Command         ap_eval done; 6.32 sec.
Execute         ap_eval exec -ignorestderr /home/lzc/document/Xilinx/Vivado/2019.1/lnx64/tools/clang-3.9-csynth/bin/xilinx-legacy-rewriter /home/lzc/workspace/decoder/vivado_rtl_kernel/Vadd_A_B_ex/imports/hls/prj/sol/.autopilot/db/Vadd_A_B_cmodel.pp.0.cpp -- -std=gnu++98 -fhls -ferror-limit=0 > /home/lzc/workspace/decoder/vivado_rtl_kernel/Vadd_A_B_ex/imports/hls/prj/sol/.autopilot/db/xilinx-legacy-rewriter.Vadd_A_B_cmodel.pp.0.cpp.out.log 2> /home/lzc/workspace/decoder/vivado_rtl_kernel/Vadd_A_B_ex/imports/hls/prj/sol/.autopilot/db/xilinx-legacy-rewriter.Vadd_A_B_cmodel.pp.0.cpp.err.log 
Command         ap_eval done; 4.88 sec.
Command       tidy_31 done; 11.2 sec.
INFO-FLOW: Done: tidy-3.1 CDT preprocess time: 20.9 seconds per iteration
INFO-FLOW: Pragma Handling...
Execute       tidy_31 xilinx-ssdm-intrinsics-arguments /home/lzc/workspace/decoder/vivado_rtl_kernel/Vadd_A_B_ex/imports/hls/prj/sol/.autopilot/db/Vadd_A_B_cmodel.pragma.1.cpp std=gnu++98 
INFO-FLOW: exec /home/lzc/document/Xilinx/Vivado/2019.1/lnx64/tools/clang-3.9-csynth/bin/tidy-3.1 -header-filter=.* -checks=-*,xilinx-ssdm-intrinsics-arguments -quiet -fix-errors /home/lzc/workspace/decoder/vivado_rtl_kernel/Vadd_A_B_ex/imports/hls/prj/sol/.autopilot/db/Vadd_A_B_cmodel.pragma.1.cpp -- -std=gnu++98 -fhls -ferror-limit=0
Command       tidy_31 done; 8.03 sec.
Execute       ap_part_info -name xcu200-fsgd2104-2-e -data info 
INFO-FLOW: Processing labels
Execute       clang -src /home/lzc/workspace/decoder/vivado_rtl_kernel/Vadd_A_B_ex/imports/hls/prj/sol/.autopilot/db/Vadd_A_B_cmodel.pragma.2.cpp  -fno-limit-debug-info -gcc-toolchain /home/lzc/document/Xilinx/Vivado/2019.1/lnx64/tools/gcc -hls -hls-analyze-label -hls-analyze-pragma -fno-exceptions  -D__llvm__  -w  "/home/lzc/workspace/decoder/vivado_rtl_kernel/Vadd_A_B_ex/imports/hls/prj/sol/.autopilot/db/Vadd_A_B_cmodel.pragma.2.cpp"    -fno-math-errno -c -emit-llvm -O0  -mllvm -disable-llvm-optzns -fno-threadsafe-statics  -fno-use-cxa-atexit -DAESL_SYN -D__SYNTHESIS__ -D__HLS_SYN__ -I "/home/lzc/document/Xilinx/Vivado/2019.1/common/technology/autopilot" -I "/home/lzc/document/Xilinx/Vivado/2019.1/common/technology/autopilot/ap_sysc" -include etc/autopilot_ssdm_op.h -D__DSP48E2__ -g -o "/home/lzc/workspace/decoder/vivado_rtl_kernel/Vadd_A_B_ex/imports/hls/prj/sol/.autopilot/db/Vadd_A_B_cmodel.bc" 
INFO-FLOW: exec /home/lzc/document/Xilinx/Vivado/2019.1/lnx64/tools/clang/bin/clang -fno-limit-debug-info -gcc-toolchain /home/lzc/document/Xilinx/Vivado/2019.1/lnx64/tools/gcc -hls -hls-analyze-label -hls-analyze-pragma -fno-exceptions -D__llvm__ -w /home/lzc/workspace/decoder/vivado_rtl_kernel/Vadd_A_B_ex/imports/hls/prj/sol/.autopilot/db/Vadd_A_B_cmodel.pragma.2.cpp -fno-math-errno -c -emit-llvm -O0 -mllvm -disable-llvm-optzns -fno-threadsafe-statics -fno-use-cxa-atexit -DAESL_SYN -D__SYNTHESIS__ -D__HLS_SYN__ -I /home/lzc/document/Xilinx/Vivado/2019.1/common/technology/autopilot -I /home/lzc/document/Xilinx/Vivado/2019.1/common/technology/autopilot/ap_sysc -include etc/autopilot_ssdm_op.h -D__DSP48E2__ -g -o /home/lzc/workspace/decoder/vivado_rtl_kernel/Vadd_A_B_ex/imports/hls/prj/sol/.autopilot/db/Vadd_A_B_cmodel.bc
Command       clang done; 9.15 sec.
INFO-FLOW: Linking Debug ...
Execute       llvm-ld /home/lzc/workspace/decoder/vivado_rtl_kernel/Vadd_A_B_ex/imports/hls/prj/sol/.autopilot/db/Vadd_A_B_cmodel.g.bc -hls-opt -except-internalize Vadd_A_B -L/home/lzc/document/Xilinx/Vivado/2019.1/lnx64/lib -lhlsm -lhlsmc++ -o /home/lzc/workspace/decoder/vivado_rtl_kernel/Vadd_A_B_ex/imports/hls/prj/sol/.autopilot/db/a.g 
Command       llvm-ld done; 2.86 sec.
INFO: [HLS 200-111] Finished Linking Time (s): cpu = 00:00:12 ; elapsed = 00:01:25 . Memory (MB): peak = 836.227 ; gain = 128.000 ; free physical = 294 ; free virtual = 6438
INFO: [HLS 200-111] Finished Checking Pragmas Time (s): cpu = 00:00:12 ; elapsed = 00:01:25 . Memory (MB): peak = 836.227 ; gain = 128.000 ; free physical = 294 ; free virtual = 6438
Execute       get_config_sdx -target 
Execute       get_config_rtl -kernel_profile 
Execute       get_config_rtl -stall_sig_gen 
Execute       get_config_rtl -profile 
Execute       opt_and_import_c a -opt_level=2 -skip_syncheck=0 -ng=0 -keep_printf=0 
Execute         cleanup_all_models 
INFO: [HLS 200-10] Starting code transformations ...
Execute         transform -promote-dbg-pointer /home/lzc/workspace/decoder/vivado_rtl_kernel/Vadd_A_B_ex/imports/hls/prj/sol/.autopilot/db/a.pp.bc -o /home/lzc/workspace/decoder/vivado_rtl_kernel/Vadd_A_B_ex/imports/hls/prj/sol/.autopilot/db/a.pp.0.bc -f 
Command         transform done; 0.18 sec.
Execute         llvm-ld /home/lzc/workspace/decoder/vivado_rtl_kernel/Vadd_A_B_ex/imports/hls/prj/sol/.autopilot/db/a.pp.0.bc -disable-opt -L/home/lzc/document/Xilinx/Vivado/2019.1/lnx64/lib -lfloatconversion -o /home/lzc/workspace/decoder/vivado_rtl_kernel/Vadd_A_B_ex/imports/hls/prj/sol/.autopilot/db/a.g.0 
Command         llvm-ld done; 3.18 sec.
INFO-FLOW: Running Standard Transforms...
Execute         transform -hls -share-std-xform -demangle-name -inline-byval-memcpy -always-inline -promote-dbg-pointer -interface-preproc -mem2reg -scalarrepl -mem2reg -keep-read-access -instcombine -dce -promote-dbg-pointer -bitop-raise -loop-simplify -indvarspre -indvars -loop-simplify -xunroll -constprop -instcombine -simplifycfg -indvars -simplifycfg -dce -globaldce -basicaa -simplifycfg -mem2reg -globalopt -global-constprop -deadargelim -instcombine -simplifycfg -prune-eh -simplifycfg -scalarrepl -instcombine -reassociate -licm -simplifycfg -loop-simplify -indvars -instcombine -simplifycfg -mem2reg -loop-simplify -indvars -instcombine -gvn -gvn -instcombine -adce -break-crit-edges -simplifycfg -loop-delete -global-array-opt -dce -dse -adce -find-syn-modules -top Vadd_A_B -deadargelim -mem2reg -instcombine -dce -presyn-prepare -auto-rom-infer -interface-preproc -syn-check -check-rec-only -find-region -simplifycfg -func-extr -function-inline -globaldce -mem2reg -instcombine -dce -gvn -globaldce -adce -adse -constprop -instcombine -bit-constprop -instcombine -dce -simplifycfg -bitop-raise -simplifycfg -dce -loop-delete -reassociate -globalopt -global-privatize -mem2reg -dce -global-constprop -pointer-simplify -constprop -dce -func-inst -deadargelim -auto-shift-reg-idiom -promote-dbg-pointer -norm-name /home/lzc/workspace/decoder/vivado_rtl_kernel/Vadd_A_B_ex/imports/hls/prj/sol/.autopilot/db/a.g.0.bc -o /home/lzc/workspace/decoder/vivado_rtl_kernel/Vadd_A_B_ex/imports/hls/prj/sol/.autopilot/db/a.g.1.bc -f -phase std-opt 
Command         transform done; 0.14 sec.
INFO: [HLS 200-111] Finished Standard Transforms Time (s): cpu = 00:00:13 ; elapsed = 00:01:28 . Memory (MB): peak = 836.227 ; gain = 128.000 ; free physical = 289 ; free virtual = 6439
INFO: [HLS 200-10] Checking synthesizability ...
INFO-FLOW: Checking Synthesizability 1/2..
Execute         transform -hls -syn-check -check-rec-only -disaggr -scalarrepl -norm-name -dce -mem2reg -instcombine -function-uniquify -directive-preproc -mem2reg -dse -dce -auto-rom-infer -dce -pag -array-normalize -instcombine -dce -warn-fifo-pointer -array-seg-normalize -instcombine -dce -array-flatten -instcombine -dce -array-burst -dce -deadargelim -promote-global-argument -simplifycfg -mem2reg -globaldce -dce -deadargelim -dce -instcombine -function-inline -globaldce -dce -doublePtrSimplify -doublePtrElim -dce -doublePtrSimplify -promote-dbg-pointer -dce -scalarrepl -dse -adse -instcombine -ptrLegalization -simplifycfg -dce -instcombine -pointer-simplify -ptrArgReplace -dce -instcombine -resolve-double-ptr -disaggr -scalarrepl -norm-name -dce -mem2reg -instcombine -ptrLegalization -simplifycfg -deadargelim -instcombine -dce -inst-simplify -function-uniquify -directive-preproc -mem2reg -dse -dce -globaldce -check-dspbuiltin /home/lzc/workspace/decoder/vivado_rtl_kernel/Vadd_A_B_ex/imports/hls/prj/sol/.autopilot/db/a.g.1.bc -o /home/lzc/workspace/decoder/vivado_rtl_kernel/Vadd_A_B_ex/imports/hls/prj/sol/.autopilot/db/a.g.2.prechk.bc -f 
Command         transform done; 9.68 sec.
INFO-FLOW: Checking Synthesizability 2/2..
Execute         transform -syn-check /home/lzc/workspace/decoder/vivado_rtl_kernel/Vadd_A_B_ex/imports/hls/prj/sol/.autopilot/db/a.g.2.prechk.bc -o /home/lzc/workspace/decoder/vivado_rtl_kernel/Vadd_A_B_ex/imports/hls/prj/sol/.autopilot/db/a.g.2.bc -f -phase syn-check 
INFO: [HLS 200-111] Finished Checking Synthesizability Time (s): cpu = 00:00:15 ; elapsed = 00:01:38 . Memory (MB): peak = 836.227 ; gain = 128.000 ; free physical = 284 ; free virtual = 6433
INFO-FLOW: Compiler optimizing ...
INFO-FLOW: Share syncheck's 1.bc for syn flow: copy /home/lzc/workspace/decoder/vivado_rtl_kernel/Vadd_A_B_ex/imports/hls/prj/sol/.autopilot/db/a.g.1.bc to /home/lzc/workspace/decoder/vivado_rtl_kernel/Vadd_A_B_ex/imports/hls/prj/sol/.autopilot/db/a.o.1.bc
INFO-FLOW: Presyn 1...
Execute         transform -hls -tmp /home/lzc/workspace/decoder/vivado_rtl_kernel/Vadd_A_B_ex/imports/hls/prj/sol/.autopilot/db -interface-port-rename -type-info -function-uniquify -directive-preproc -mem2reg -dse -dce -disaggr -scalarrepl -norm-name -deadargelim -mem2reg -instcombine -dce -simplifycfg -auto-rom-infer -dce -function-uniquify -resource-proc -clib-intrinsic-prepare -dce -func-buffer -dce -pag -array-normalize -func-legal -instcombine -gvn -constprop -dce -simplifycfg -mem2reg -globaldce -resolve-double-ptr -dce -deadargelim -dce -instcombine -ptrArgReplace -mem2reg -dce -array-seg-normalize -deadargelim -instcombine -dce -pointer-simplify -dce -port-alignment -dce -interface-preproc -data-pack -instcombine -dce -basicaa -aggr-aa -aggrmodref-aa -aggr-aa -gvn -gvn -basicaa -aggr-aa -aggrmodref-aa -aggr-aa -dse -adse -adce -loop-simplify -indvars -instcombine -gvn -loop-simplify -mem2reg -dce -find-region -instcombine -auto-loop-pipeline -inst-simplify -interface-preproc -cfgopt -instcombine -indvars -auto-loop-unroll -loop-simplify -loop-bound -xunroll -constprop -instcombine -simplifycfg -indvars -simplifycfg -dce -globaldce -clean-region -attach-range -gvn -inst-simplify -constprop -simplifycfg -dce -pointer-simplify -dce -globalopt -constprop -dce -array-promote -constprop -dce -ptrArgReplace -mem2reg -simplifycfg -dce -auto-par -instcombine -dce -array-transform-check -array-reshape -instcombine -simplifycfg -dce -ptrArgReplace -deadargelim -mem2reg -instcombine -simplifycfg -dce -indvars -loop-simplify -loop-bound -xunroll -constprop -instcombine -simplifycfg -indvars -simplifycfg -dce -globaldce -basicaa -aggr-aa -aggrmodref-aa -aggr-aa -dse -duplicate-dataflow-processes -globaldce -instcombine -array-partition -instcombine -simplifycfg -dce -ptrArgReplace -global-constprop -deadargelim -mem2reg -func-legal -dce -global-constprop -deadargelim -mem2reg -simplifycfg -dce -merge-param -deadargelim -globalopt -constprop -dce -array-promote -constprop -dce -ptrArgReplace -mem2reg -simplifycfg -dce -mem-intrinsic-preproc -dce -global-internalize -global-privatize -mem2reg -globaldce -promote-global-argument -ptrArgReplace -mem2reg -dce -globalopt -mergereturn -simplify-global-access -mem2reg -dce -pointer-simplify -dce -functionattrs -basicaa -aggr-aa -aggrmodref-aa -aggr-aa -gvn -gvn -basicaa -aggr-aa -aggrmodref-aa -aggr-aa -dse -adse -adce -dce -norm-name -function-inline -complex-op-raise -inst-simplify -globaldce -func-inst -constprop -instcombine -simplifycfg -dce -func-legal -dce -loop-bound -arraycheck -bitwidthmin -on-by-dataflow -loop-delete -instcombine -simplifycfg -globaldce -dce -gvn -deadargelim -dce -loop-simplify -clean-region -simplifycfg -propagate-stable-arguments -loop-stream -instcombine -simplifycfg -dce -globaldce -duplicate-dataflow-processes -stream-intrinsic-preproc -dce -check-ap-stream -loop-simplify -eliminate-keepreads -extract-dataflow-in-loop -loop-simplify -dce -gvn -deadargelim -dse -check-dataflow-syntax -legalize-stream-variable -legalize-global -extract-subproc -dce -dead-channel-elimination -canonicalize-gep -globaldce -dce -gvn -deadargelim -annotate-dataflow-channels -scalar-propagation -deadargelim -globaldce -mem2reg -check-dataflow-channels -function-stream -dce -globaldce -prop-fifo-spec -internal-stream-gen -canonicalize-gep -globaldce -dce -gvn -deadargelim -mergereturn -indvars -loop-simplify -instcombine -array-stream -array-seg-normalize -array-partition -func-legal -instcombine -simplifycfg -dce -bundle-memfifo-ops -deadargelim -function-uniquify -directive-preproc -mem2reg -dse -dce -group-axi-access -licm -simplifycfg -dce -loop-delete -norm-name /home/lzc/workspace/decoder/vivado_rtl_kernel/Vadd_A_B_ex/imports/hls/prj/sol/.autopilot/db/a.o.1.bc -o /home/lzc/workspace/decoder/vivado_rtl_kernel/Vadd_A_B_ex/imports/hls/prj/sol/.autopilot/db/a.o.1.tmp.bc -f 
INFO: [XFORM 203-510] Pipelining loop 'Loop-3' (../Vadd_A_B_cmodel.cpp:55) in function 'Vadd_A_B' automatically.
INFO: [XFORM 203-510] Pipelining loop 'Loop-6' (../Vadd_A_B_cmodel.cpp:76) in function 'Vadd_A_B' automatically.
Command         transform done; 15.62 sec.
INFO-FLOW: Presyn 2...
Execute         transform -hls -keep-callgraph -scalarrepl -mem2reg -port-alignment -attach-range -dce -pipe-mux-gen -indvars -loop-bound -inst-simplify -instcombine -dce -merge-array-access -mem2reg -dce -clean-region -mergereturn -if-conv -instcombine -dce -constprop -basicaa -aggr-aa -aggrmodref-aa -aggr-aa -gvn -gvn -basicaa -aggr-aa -aggrmodref-aa -aggr-aa -dse -adse -adce -scalarrepl -mem2reg -global-constprop -deadargelim -deadargelim -instcombine -dce -simplifycfg -ptrArgReplace -mem2reg -function-inline -globaldce -mem2reg -instcombine -dce -expr-balance -instcombine -dce -bitwidthmin -interface-preproc -directive-preproc -inst-rectify -instcombine -dce -functionattrs -constprop -instcombine -bit-constprop -simplify-global-access -globalopt -globaldce -inst-simplify -instcombine -elimdeaddata -dce -loop-delete -simplifycfg -loop-simplify -auto-burst -norm-name /home/lzc/workspace/decoder/vivado_rtl_kernel/Vadd_A_B_ex/imports/hls/prj/sol/.autopilot/db/a.o.1.tmp.bc -o /home/lzc/workspace/decoder/vivado_rtl_kernel/Vadd_A_B_ex/imports/hls/prj/sol/.autopilot/db/a.o.2.bc -f -phase presyn 
Command         transform done; 0.55 sec.
INFO: [HLS 200-111] Finished Pre-synthesis Time (s): cpu = 00:00:17 ; elapsed = 00:01:54 . Memory (MB): peak = 836.227 ; gain = 128.000 ; free physical = 223 ; free virtual = 6373
INFO-FLOW: Building ssdm...
Execute         transform -hls -function-uniquify -auto-function-inline -globaldce -ptrArgReplace -mem2reg -dce -reset-lda -loop-simplify -indvars -licm -loop-dep -loop-bound -licm -loop-simplify -flattenloopnest -array-flatten -gvn -instcombine -dce -array-map -dce -func-legal -gvn -adce -instcombine -cfgopt -simplifycfg -loop-simplify -array-burst -promote-global-argument -dce -ptrLegalization -axi4-lower -array-seg-normalize -basicaa -aggrmodref-aa -globalsmodref-aa -aggr-aa -gvn -gvn -basicaa -aggrmodref-aa -globalsmodref-aa -aggr-aa -dse -adse -adce -licm -inst-simplify -dce -globaldce -instcombine -array-stream -eliminate-keepreads -instcombine -dce -deadargelim -doublePtrSimplify -doublePtrElim -dce -doublePtrSimplify -promote-dbg-pointer -dce -scalarrepl -mem2reg -disaggr -norm-name -mem2reg -instcombine -dse -adse -adce -ptrLegalization -dce -auto-rom-infer -array-flatten -dce -instcombine -check-doubleptr -loop-rot -constprop -cfgopt -simplifycfg -loop-simplify -indvars -pointer-simplify -dce -loop-bound -loop-simplify -loop-preproc -constprop -global-constprop -gvn -mem2reg -instcombine -dce -loop-bound -loop-merge -dce -bitwidthmin -deadargelim -dce -canonicalize-dataflow -dce -scalar-propagation -deadargelim -globaldce -mem2reg -read-loop-dep -interface-preproc -directive-preproc -interface-gen -bram-byte-enable -deadargelim -inst-simplify -dce -gvn -mem2reg -instcombine -dce -adse -loop-bound -instcombine -cfgopt -simplifycfg -loop-simplify -clean-region -io-protocol -find-region -mem2reg -bitop-raise -complex-op-raise -inst-simplify -inst-rectify -instcombine -adce -deadargelim -loop-simplify -phi-opt -bitop-raise -cfgopt -simplifycfg -strip-dead-prototypes -interface-lower -bitop-lower -intrinsic-lower -auto-function-inline -basicaa -aggrmodref-aa -globalsmodref-aa -aggr-aa -inst-simplify -simplifycfg -loop-simplify -mergereturn -inst-simplify -inst-rectify -dce -load-elim -bitop-lower -loop-rewind -pointer-simplify -dce -cfgopt -dce -loop-bound -loop-dep -read-loop-dep -dce -check-stream -norm-name -legalize -validate-dataflow -inst-clarity -bitwidth -dump-loop-dep-to-ir -check-all-ssdm -cdfg-build /home/lzc/workspace/decoder/vivado_rtl_kernel/Vadd_A_B_ex/imports/hls/prj/sol/.autopilot/db/a.o.2.bc -o /home/lzc/workspace/decoder/vivado_rtl_kernel/Vadd_A_B_ex/imports/hls/prj/sol/.autopilot/db/a.o.3.bc -f -phase build-ssdm 
INFO: [HLS 200-444] Inferring multiple bus burst read of a total cumulative length 4096 on port 'm00_axi' (../Vadd_A_B_cmodel.cpp:52:5). These data requests might be further partitioned to multiple requests during RTL generation, based on max_read_burst_length or max_write_burst_length settings.
INFO: [HLS 200-444] Inferring multiple bus burst read of a total cumulative length 4096 on port 'm01_axi' (../Vadd_A_B_cmodel.cpp:73:5). These data requests might be further partitioned to multiple requests during RTL generation, based on max_read_burst_length or max_write_burst_length settings.
INFO: [HLS 200-444] Inferring multiple bus burst write of a total cumulative length 4096 on port 'm00_axi' (../Vadd_A_B_cmodel.cpp:60:5). These data requests might be further partitioned to multiple requests during RTL generation, based on max_read_burst_length or max_write_burst_length settings.
INFO: [HLS 200-444] Inferring multiple bus burst write of a total cumulative length 4096 on port 'm01_axi' (../Vadd_A_B_cmodel.cpp:81:5). These data requests might be further partitioned to multiple requests during RTL generation, based on max_read_burst_length or max_write_burst_length settings.
Command         transform done; 23.45 sec.
INFO: [HLS 200-111] Finished Architecture Synthesis Time (s): cpu = 00:00:20 ; elapsed = 00:02:17 . Memory (MB): peak = 836.227 ; gain = 128.000 ; free physical = 173 ; free virtual = 6337
INFO-FLOW: Finish building internal data model.
Command       opt_and_import_c done; 52.88 sec.
Command     elaborate done; 128.15 sec.
Execute     autosyn -from_csynth_design=1 
INFO: [HLS 200-10] Starting hardware synthesis ...
INFO-FLOW: Synthesizing C/C++ design ...
INFO: [HLS 200-10] Synthesizing 'Vadd_A_B' ...
Execute       ap_set_top_model Vadd_A_B 
Execute       get_model_list Vadd_A_B -filter all-wo-channel -topdown 
Execute       preproc_iomode -model Vadd_A_B 
Execute       create_clock 
Execute         config_clock -quiet -name default -period 10 -unit ns -default=false 
INFO: [SYN 201-201] Setting up clock 'default' with a period of 10ns.
Execute       get_model_list Vadd_A_B -filter all-wo-channel 
INFO-FLOW: Model list for configure: Vadd_A_B
INFO-FLOW: Configuring Module : Vadd_A_B ...
Execute       set_default_model Vadd_A_B 
Execute       apply_spec_resource_limit Vadd_A_B 
INFO-FLOW: Model list for preprocess: Vadd_A_B
INFO-FLOW: Preprocessing Module: Vadd_A_B ...
Execute       set_default_model Vadd_A_B 
Execute       cdfg_preprocess -model Vadd_A_B 
Execute       rtl_gen_preprocess Vadd_A_B 
INFO-FLOW: Model list for synthesis: Vadd_A_B
INFO: [HLS 200-10] ----------------------------------------------------------------
INFO: [HLS 200-42] -- Implementing module 'Vadd_A_B' 
INFO: [HLS 200-10] ----------------------------------------------------------------
Execute       set_default_model Vadd_A_B 
Execute       schedule -model Vadd_A_B 
INFO: [SCHED 204-11] Starting scheduling ...
INFO: [SCHED 204-61] Pipelining loop 'memcpy.m00_axi_input_buffer.A'.
INFO: [SCHED 204-61] Pipelining result : Target II = 1, Final II = 1, Depth = 3.
INFO: [SCHED 204-61] Pipelining loop 'Loop 2'.
INFO: [SCHED 204-61] Pipelining result : Target II = 1, Final II = 1, Depth = 2.
INFO: [SCHED 204-61] Pipelining loop 'memcpy.A.m00_axi_output_buffer.gep'.
INFO: [SCHED 204-61] Pipelining result : Target II = 1, Final II = 1, Depth = 3.
INFO: [SCHED 204-61] Pipelining loop 'memcpy.m01_axi_input_buffer.B'.
INFO: [SCHED 204-61] Pipelining result : Target II = 1, Final II = 1, Depth = 3.
INFO: [SCHED 204-61] Pipelining loop 'Loop 5'.
INFO: [SCHED 204-61] Pipelining result : Target II = 1, Final II = 1, Depth = 2.
INFO: [SCHED 204-61] Pipelining loop 'memcpy.B.m01_axi_output_buffer.gep'.
INFO: [SCHED 204-61] Pipelining result : Target II = 1, Final II = 1, Depth = 3.
INFO: [SCHED 204-11] Finished scheduling.
Command       schedule done; 0.98 sec.
INFO: [HLS 200-111]  Elapsed time: 138.49 seconds; current allocated memory: 99.322 MB.
Execute       syn_report -verbosereport -o /home/lzc/workspace/decoder/vivado_rtl_kernel/Vadd_A_B_ex/imports/hls/prj/sol/.autopilot/db/Vadd_A_B.verbose.sched.rpt 
Command       syn_report done; 0.62 sec.
Execute       db_write -o /home/lzc/workspace/decoder/vivado_rtl_kernel/Vadd_A_B_ex/imports/hls/prj/sol/.autopilot/db/Vadd_A_B.sched.adb -f 
INFO-FLOW: Finish scheduling Vadd_A_B.
Execute       set_default_model Vadd_A_B 
Execute       bind -model Vadd_A_B 
BIND OPTION: model=Vadd_A_B
INFO: [BIND 205-100] Starting micro-architecture generation ...
INFO: [BIND 205-101] Performing variable lifetime analysis.
INFO: [BIND 205-101] Exploring resource sharing.
INFO: [BIND 205-101] Binding ...
INFO: [BIND 205-100] Finished micro-architecture generation.
Command       bind done; 0.48 sec.
INFO: [HLS 200-111]  Elapsed time: 1.18 seconds; current allocated memory: 99.866 MB.
Execute       syn_report -verbosereport -o /home/lzc/workspace/decoder/vivado_rtl_kernel/Vadd_A_B_ex/imports/hls/prj/sol/.autopilot/db/Vadd_A_B.verbose.bind.rpt 
Command       syn_report done; 0.58 sec.
Execute       db_write -o /home/lzc/workspace/decoder/vivado_rtl_kernel/Vadd_A_B_ex/imports/hls/prj/sol/.autopilot/db/Vadd_A_B.bind.adb -f 
Command       db_write done; 0.12 sec.
INFO-FLOW: Finish binding Vadd_A_B.
Execute       get_model_list Vadd_A_B -filter all-wo-channel 
INFO-FLOW: Preprocessing for RTLGen ...
Execute       rtl_gen_preprocess Vadd_A_B 
INFO-FLOW: Model list for RTL generation: Vadd_A_B
INFO: [HLS 200-10] ----------------------------------------------------------------
INFO: [HLS 200-10] -- Generating RTL for module 'Vadd_A_B' 
INFO: [HLS 200-10] ----------------------------------------------------------------
Execute       get_config_rtl -module_prefix 
Execute       get_config_rtl -module_auto_prefix 
Execute       create_rtl_model Vadd_A_B -vendor xilinx -mg_file /home/lzc/workspace/decoder/vivado_rtl_kernel/Vadd_A_B_ex/imports/hls/prj/sol/.autopilot/db/Vadd_A_B.compgen.tcl 
INFO: [RTGEN 206-500] Setting interface mode on port 'Vadd_A_B/m00_axi' to 'm_axi'.
INFO: [RTGEN 206-500] Setting interface mode on port 'Vadd_A_B/m01_axi' to 'm_axi'.
INFO: [RTGEN 206-500] Setting interface mode on port 'Vadd_A_B/scalar00' to 's_axilite & ap_none'.
INFO: [RTGEN 206-500] Setting interface mode on port 'Vadd_A_B/A' to 's_axilite & ap_none'.
INFO: [RTGEN 206-500] Setting interface mode on port 'Vadd_A_B/B' to 's_axilite & ap_none'.
INFO: [RTGEN 206-500] Setting interface mode on function 'Vadd_A_B' to 's_axilite & ap_ctrl_hs'.
INFO: [RTGEN 206-100] Bundling port 'return', 'scalar00', 'A' and 'B' to AXI-Lite port control.
INFO: [RTGEN 206-100] Finished creating RTL model for 'Vadd_A_B'.
Command       create_rtl_model done; 0.46 sec.
INFO: [HLS 200-111]  Elapsed time: 1.22 seconds; current allocated memory: 101.649 MB.
Execute       source /home/lzc/workspace/decoder/vivado_rtl_kernel/Vadd_A_B_ex/imports/hls/prj/sol/.autopilot/db/Vadd_A_B.rtl_wrap.cfg.tcl 
Execute       gen_rtl Vadd_A_B -istop -style xilinx -tracefl mytrace -tracefmt vcd -traceopt all -f -lang sc -o /home/lzc/workspace/decoder/vivado_rtl_kernel/Vadd_A_B_ex/imports/hls/prj/sol/syn/systemc/Vadd_A_B -synmodules Vadd_A_B 
Execute       gen_rtl Vadd_A_B -istop -style xilinx -f -lang vhdl -o /home/lzc/workspace/decoder/vivado_rtl_kernel/Vadd_A_B_ex/imports/hls/prj/sol/syn/vhdl/Vadd_A_B 
Command       gen_rtl done; 0.49 sec.
Execute       gen_rtl Vadd_A_B -istop -style xilinx -f -lang vlog -o /home/lzc/workspace/decoder/vivado_rtl_kernel/Vadd_A_B_ex/imports/hls/prj/sol/syn/verilog/Vadd_A_B 
Command       gen_rtl done; 0.23 sec.
Execute       syn_report -csynth -model Vadd_A_B -o /home/lzc/workspace/decoder/vivado_rtl_kernel/Vadd_A_B_ex/imports/hls/prj/sol/syn/report/Vadd_A_B_csynth.rpt 
Command       syn_report done; 0.27 sec.
Execute       syn_report -rtlxml -model Vadd_A_B -o /home/lzc/workspace/decoder/vivado_rtl_kernel/Vadd_A_B_ex/imports/hls/prj/sol/syn/report/Vadd_A_B_csynth.xml 
Command       syn_report done; 0.25 sec.
Execute       syn_report -verbosereport -model Vadd_A_B -o /home/lzc/workspace/decoder/vivado_rtl_kernel/Vadd_A_B_ex/imports/hls/prj/sol/.autopilot/db/Vadd_A_B.verbose.rpt 
Command       syn_report done; 1.04 sec.
Execute       db_write -model Vadd_A_B -f -o /home/lzc/workspace/decoder/vivado_rtl_kernel/Vadd_A_B_ex/imports/hls/prj/sol/.autopilot/db/Vadd_A_B.adb 
Command       db_write done; 0.56 sec.
Execute       gen_tb_info Vadd_A_B -p /home/lzc/workspace/decoder/vivado_rtl_kernel/Vadd_A_B_ex/imports/hls/prj/sol/.autopilot/db -o /home/lzc/workspace/decoder/vivado_rtl_kernel/Vadd_A_B_ex/imports/hls/prj/sol/.autopilot/db/Vadd_A_B 
Execute       export_constraint_db -f -tool general -o /home/lzc/workspace/decoder/vivado_rtl_kernel/Vadd_A_B_ex/imports/hls/prj/sol/.autopilot/db/Vadd_A_B.constraint.tcl 
Execute       syn_report -designview -model Vadd_A_B -o /home/lzc/workspace/decoder/vivado_rtl_kernel/Vadd_A_B_ex/imports/hls/prj/sol/.autopilot/db/Vadd_A_B.design.xml 
Command       syn_report done; 0.48 sec.
Execute       get_config_rtl -disable_wave_debug 
Execute       syn_report -wcfg -model Vadd_A_B -o /home/lzc/workspace/decoder/vivado_rtl_kernel/Vadd_A_B_ex/imports/hls/prj/sol/.autopilot/db/Vadd_A_B_dataflow_ana.wcfg 
Execute       syn_report -protoinst -model Vadd_A_B -o /home/lzc/workspace/decoder/vivado_rtl_kernel/Vadd_A_B_ex/imports/hls/prj/sol/.autopilot/db/Vadd_A_B.protoinst 
Execute       get_config_debug -directory 
Execute       sc_get_clocks Vadd_A_B 
Execute       get_config_export -vivado_clock 
Execute       sc_get_portdomain Vadd_A_B 
INFO-FLOW: Model list for RTL component generation: Vadd_A_B
INFO-FLOW: Handling components in module [Vadd_A_B] ... 
Execute       source /home/lzc/workspace/decoder/vivado_rtl_kernel/Vadd_A_B_ex/imports/hls/prj/sol/.autopilot/db/Vadd_A_B.compgen.tcl 
INFO-FLOW: Found component Vadd_A_B_m00_axi_input_buffer.
INFO-FLOW: Append model Vadd_A_B_m00_axi_input_buffer
INFO-FLOW: Found component Vadd_A_B_control_s_axi.
INFO-FLOW: Append model Vadd_A_B_control_s_axi
INFO-FLOW: Found component Vadd_A_B_m00_axi_m_axi.
INFO-FLOW: Append model Vadd_A_B_m00_axi_m_axi
INFO-FLOW: Found component Vadd_A_B_m01_axi_m_axi.
INFO-FLOW: Append model Vadd_A_B_m01_axi_m_axi
INFO-FLOW: Append model Vadd_A_B
INFO-FLOW: Generating RTL model list ...
INFO-FLOW: All models in this session: Vadd_A_B_m00_axi_input_buffer Vadd_A_B_control_s_axi Vadd_A_B_m00_axi_m_axi Vadd_A_B_m01_axi_m_axi Vadd_A_B
INFO-FLOW: To file: write model Vadd_A_B_m00_axi_input_buffer
INFO-FLOW: To file: write model Vadd_A_B_control_s_axi
INFO-FLOW: To file: write model Vadd_A_B_m00_axi_m_axi
INFO-FLOW: To file: write model Vadd_A_B_m01_axi_m_axi
INFO-FLOW: To file: write model Vadd_A_B
INFO-FLOW: Finished generating RTL model list.


INFO-FLOW: RTL Generation done.
INFO-FLOW: CAS Generation done.
INFO-FLOW: CBC Generation done.
INFO-FLOW: DBG:CMD: auto_generate_csynth_design
INFO-FLOW: DBG:CMD:     auto_generate --sim-model -phase csynth_design -d /home/lzc/workspace/decoder/vivado_rtl_kernel/Vadd_A_B_ex/imports/hls/prj/sol
Execute       source /home/lzc/workspace/decoder/vivado_rtl_kernel/Vadd_A_B_ex/imports/hls/prj/sol/.autopilot/db/global.setting.tcl 
INFO-FLOW: DBG:CMD: read_platform_lib /home/lzc/workspace/decoder/vivado_rtl_kernel/Vadd_A_B_ex/imports/hls/prj/sol/.autopilot/db/global.setting.tcl
Execute       source /home/lzc/document/Xilinx/Vivado/2019.1/common/technology/generic/autopilot/common.gen 
Execute         source /home/lzc/document/Xilinx/Vivado/2019.1/common/technology/generic/autopilot/APCoreGen.gen 
Execute       source /home/lzc/document/Xilinx/Vivado/2019.1/common/technology/generic/autopilot/op.gen 
Execute       source /home/lzc/document/Xilinx/Vivado/2019.1/common/technology/generic/autopilot/op_simcore.gen 
Execute       source /home/lzc/document/Xilinx/Vivado/2019.1/common/technology/generic/autopilot/interface.gen 
Execute       source /home/lzc/workspace/decoder/vivado_rtl_kernel/Vadd_A_B_ex/imports/hls/prj/sol/.autopilot/db/global.setting.tcl 
Execute       source /home/lzc/document/Xilinx/Vivado/2019.1/common/technology/xilinx/virtexuplus/virtexuplus.gen 
Execute         source /home/lzc/document/Xilinx/Vivado/2019.1/common/technology/xilinx/common/xilinx.gen 
Execute           source /home/lzc/document/Xilinx/Vivado/2019.1/common/technology/xilinx/interface/plb46.gen 
Execute           source /home/lzc/document/Xilinx/Vivado/2019.1/common/technology/xilinx/interface/fsl.gen 
Execute           source /home/lzc/document/Xilinx/Vivado/2019.1/common/technology/xilinx/interface/axi4.gen 
Execute           source /home/lzc/document/Xilinx/Vivado/2019.1/common/technology/xilinx/interface/nativeAXI4.gen 
Execute             source /home/lzc/document/Xilinx/Vivado/2019.1/common/technology/xilinx/interface/saxilite.gen 
Execute             source /home/lzc/document/Xilinx/Vivado/2019.1/common/technology/xilinx/interface/maxi.gen 
Execute           source /home/lzc/document/Xilinx/Vivado/2019.1/common/technology/xilinx/scripts/xilinxcoregen.gen 
Execute           source /home/lzc/document/Xilinx/Vivado/2019.1/common/technology/xilinx/interface/XilEDKCoreGen.gen 
Execute           source /home/lzc/document/Xilinx/Vivado/2019.1/common/technology/xilinx/ip/dds_compiler.gen 
Execute           source /home/lzc/document/Xilinx/Vivado/2019.1/common/technology/xilinx/ip/util.gen 
Execute           source /home/lzc/document/Xilinx/Vivado/2019.1/common/technology/xilinx/ip/xfft.gen 
Command           ap_source done; 0.73 sec.
Execute           source /home/lzc/document/Xilinx/Vivado/2019.1/common/technology/xilinx/ip/xfir.gen 
Execute           source /home/lzc/document/Xilinx/Vivado/2019.1/common/technology/xilinx/common/dsp48.gen 
Command         ap_source done; 0.88 sec.
Command       ap_source done; 0.88 sec.
Execute       source /home/lzc/document/Xilinx/Vivado/2019.1/common/technology/xilinx/virtexuplus/virtexuplus_fpv7.gen 
Execute         source /home/lzc/document/Xilinx/Vivado/2019.1/common/technology/xilinx/common/xilinx_fp.gen 
INFO-FLOW: DBG:CMD:   using AESL_AUTOCG::g_clock_period=10.000 (was NA)
INFO-FLOW: DBG:CMD:       generate_ip_cores sim=1 export=0 expOnly=0 dstVlogDir=syn/verilog
Execute       source /home/lzc/workspace/decoder/vivado_rtl_kernel/Vadd_A_B_ex/imports/hls/prj/sol/.autopilot/db/global.setting.tcl 
Execute       ap_part_info -name xcu200-fsgd2104-2-e -data names -quiet 
Execute       ap_part_info -name xcu200-fsgd2104-2-e -data info -quiet 
Execute       source /home/lzc/workspace/decoder/vivado_rtl_kernel/Vadd_A_B_ex/imports/hls/prj/sol/.autopilot/db/global.setting.tcl 
Execute       source /home/lzc/workspace/decoder/vivado_rtl_kernel/Vadd_A_B_ex/imports/hls/prj/sol/.autopilot/db/global.setting.tcl 
Execute       source /home/lzc/workspace/decoder/vivado_rtl_kernel/Vadd_A_B_ex/imports/hls/prj/sol/.autopilot/db/Vadd_A_B.compgen.tcl 
INFO: [RTMG 210-278] Implementing memory 'Vadd_A_B_m00_axi_input_buffer_ram (RAM)' using block RAMs.
Execute         ap_part_info -name xcu200-fsgd2104-2-e -data names -quiet 
Execute         ap_part_info -name xcu200-fsgd2104-2-e -data info -quiet 
Execute         source ./control.slave.tcl 
Execute         is_m_axi_addr64 
Execute         ap_part_info -name xcu200-fsgd2104-2-e -data names -quiet 
Execute         ap_part_info -name xcu200-fsgd2104-2-e -data info -quiet 
Execute         ap_part_info -name xcu200-fsgd2104-2-e -data names -quiet 
Execute         ap_part_info -name xcu200-fsgd2104-2-e -data info -quiet 
Command       ap_source done; 0.81 sec.
INFO-FLOW: DBG:CMD:     auto_generate -export -impltomg_flag -rtl both -tool Vivado -pcore_version 1.00.a -phase csynth_design -d /home/lzc/workspace/decoder/vivado_rtl_kernel/Vadd_A_B_ex/imports/hls/prj/sol
Execute       source /home/lzc/workspace/decoder/vivado_rtl_kernel/Vadd_A_B_ex/imports/hls/prj/sol/.autopilot/db/global.setting.tcl 
INFO-FLOW: DBG:CMD: read_platform_lib /home/lzc/workspace/decoder/vivado_rtl_kernel/Vadd_A_B_ex/imports/hls/prj/sol/.autopilot/db/global.setting.tcl
Execute       source /home/lzc/document/Xilinx/Vivado/2019.1/common/technology/generic/autopilot/common.gen 
Execute         source /home/lzc/document/Xilinx/Vivado/2019.1/common/technology/generic/autopilot/APCoreGen.gen 
Execute       source /home/lzc/document/Xilinx/Vivado/2019.1/common/technology/generic/autopilot/op.gen 
Execute       source /home/lzc/document/Xilinx/Vivado/2019.1/common/technology/generic/autopilot/op_simcore.gen 
Execute       source /home/lzc/document/Xilinx/Vivado/2019.1/common/technology/generic/autopilot/interface.gen 
Execute       source /home/lzc/workspace/decoder/vivado_rtl_kernel/Vadd_A_B_ex/imports/hls/prj/sol/.autopilot/db/global.setting.tcl 
Execute       source /home/lzc/document/Xilinx/Vivado/2019.1/common/technology/xilinx/virtexuplus/virtexuplus.gen 
Execute         source /home/lzc/document/Xilinx/Vivado/2019.1/common/technology/xilinx/common/xilinx.gen 
Execute           source /home/lzc/document/Xilinx/Vivado/2019.1/common/technology/xilinx/interface/plb46.gen 
Execute           source /home/lzc/document/Xilinx/Vivado/2019.1/common/technology/xilinx/interface/fsl.gen 
Execute           source /home/lzc/document/Xilinx/Vivado/2019.1/common/technology/xilinx/interface/axi4.gen 
Execute           source /home/lzc/document/Xilinx/Vivado/2019.1/common/technology/xilinx/interface/nativeAXI4.gen 
Execute             source /home/lzc/document/Xilinx/Vivado/2019.1/common/technology/xilinx/interface/saxilite.gen 
Execute             source /home/lzc/document/Xilinx/Vivado/2019.1/common/technology/xilinx/interface/maxi.gen 
Execute           source /home/lzc/document/Xilinx/Vivado/2019.1/common/technology/xilinx/scripts/xilinxcoregen.gen 
Execute           source /home/lzc/document/Xilinx/Vivado/2019.1/common/technology/xilinx/interface/XilEDKCoreGen.gen 
Execute           source /home/lzc/document/Xilinx/Vivado/2019.1/common/technology/xilinx/ip/dds_compiler.gen 
Execute           source /home/lzc/document/Xilinx/Vivado/2019.1/common/technology/xilinx/ip/util.gen 
Execute           source /home/lzc/document/Xilinx/Vivado/2019.1/common/technology/xilinx/ip/xfft.gen 
Command           ap_source done; 0.75 sec.
Execute           source /home/lzc/document/Xilinx/Vivado/2019.1/common/technology/xilinx/ip/xfir.gen 
Execute           source /home/lzc/document/Xilinx/Vivado/2019.1/common/technology/xilinx/common/dsp48.gen 
Command         ap_source done; 0.94 sec.
Command       ap_source done; 0.94 sec.
Execute       source /home/lzc/document/Xilinx/Vivado/2019.1/common/technology/xilinx/virtexuplus/virtexuplus_fpv7.gen 
Execute         source /home/lzc/document/Xilinx/Vivado/2019.1/common/technology/xilinx/common/xilinx_fp.gen 
INFO-FLOW: DBG:CMD:       initCTypeInfo top_module=Vadd_A_B xml_exists=0
Execute       source /home/lzc/workspace/decoder/vivado_rtl_kernel/Vadd_A_B_ex/imports/hls/prj/sol/.autopilot/db/Vadd_A_B.rtl_wrap.cfg.tcl 
Execute       source /home/lzc/workspace/decoder/vivado_rtl_kernel/Vadd_A_B_ex/imports/hls/prj/sol/.autopilot/db/Vadd_A_B.rtl_wrap.cfg.tcl 
Execute       source /home/lzc/workspace/decoder/vivado_rtl_kernel/Vadd_A_B_ex/imports/hls/prj/sol/.autopilot/db/Vadd_A_B.rtl_wrap.cfg.tcl 
Execute       source /home/lzc/workspace/decoder/vivado_rtl_kernel/Vadd_A_B_ex/imports/hls/prj/sol/.autopilot/db/Vadd_A_B.tbgen.tcl 
Execute       source /home/lzc/workspace/decoder/vivado_rtl_kernel/Vadd_A_B_ex/imports/hls/prj/sol/.autopilot/db/Vadd_A_B.tbgen.tcl 
INFO-FLOW: DBG:CMD:       export_impl_rtl
INFO-FLOW: DBG:CMD:       generate_ip_cores sim=0 export=0 expOnly=0 dstVlogDir=impl/.verilog
Execute       source /home/lzc/workspace/decoder/vivado_rtl_kernel/Vadd_A_B_ex/imports/hls/prj/sol/.autopilot/db/global.setting.tcl 
Execute       source /home/lzc/workspace/decoder/vivado_rtl_kernel/Vadd_A_B_ex/imports/hls/prj/sol/.autopilot/db/Vadd_A_B.compgen.tcl 
INFO-FLOW: DBG:CMD:       generate_ip_cores sim=0 export=1 expOnly=1 dstVlogDir=impl/.pcores/verilog
Execute       source /home/lzc/workspace/decoder/vivado_rtl_kernel/Vadd_A_B_ex/imports/hls/prj/sol/.autopilot/db/global.setting.tcl 
Execute       source /home/lzc/workspace/decoder/vivado_rtl_kernel/Vadd_A_B_ex/imports/hls/prj/sol/.autopilot/db/Vadd_A_B.compgen.tcl 
Execute         ap_part_info -name xcu200-fsgd2104-2-e -data names -quiet 
Execute         ap_part_info -name xcu200-fsgd2104-2-e -data info -quiet 
Execute         ap_part_info -name xcu200-fsgd2104-2-e -data names -quiet 
Execute         ap_part_info -name xcu200-fsgd2104-2-e -data info -quiet 
Execute         ap_part_info -name xcu200-fsgd2104-2-e -data names -quiet 
Execute         ap_part_info -name xcu200-fsgd2104-2-e -data info -quiet 
Execute         ap_part_info -name xcu200-fsgd2104-2-e -data names -quiet 
Execute         ap_part_info -name xcu200-fsgd2104-2-e -data info -quiet 
Execute         ap_part_info -name xcu200-fsgd2104-2-e -data names -quiet 
Execute         ap_part_info -name xcu200-fsgd2104-2-e -data info -quiet 
Execute         ap_part_info -name xcu200-fsgd2104-2-e -data names -quiet 
Execute         ap_part_info -name xcu200-fsgd2104-2-e -data info -quiet 
Command       ap_source done; 0.13 sec.
Execute       ap_part_info -name xcu200-fsgd2104-2-e -data names -quiet 
Execute       ap_part_info -name xcu200-fsgd2104-2-e -data info -quiet 
INFO-FLOW: DBG:CMD:       generate_ip_cores sim=0 export=0 expOnly=0 dstVlogDir=impl/.pcores/verilog_sim
Execute       source /home/lzc/workspace/decoder/vivado_rtl_kernel/Vadd_A_B_ex/imports/hls/prj/sol/.autopilot/db/global.setting.tcl 
Execute       source /home/lzc/workspace/decoder/vivado_rtl_kernel/Vadd_A_B_ex/imports/hls/prj/sol/.autopilot/db/Vadd_A_B.compgen.tcl 
Execute       ap_part_info -name xcu200-fsgd2104-2-e -data names -quiet 
Execute       ap_part_info -name xcu200-fsgd2104-2-e -data info -quiet 
Execute       ap_part_info -name xcu200-fsgd2104-2-e -data names -quiet 
Execute       ap_part_info -name xcu200-fsgd2104-2-e -data info -quiet 
Execute       source /home/lzc/workspace/decoder/vivado_rtl_kernel/Vadd_A_B_ex/imports/hls/prj/sol/.autopilot/db/global.setting.tcl 
Execute       ap_part_info -name xcu200-fsgd2104-2-e -data names -quiet 
Execute       ap_part_info -name xcu200-fsgd2104-2-e -data info -quiet 
Execute       source /home/lzc/workspace/decoder/vivado_rtl_kernel/Vadd_A_B_ex/imports/hls/prj/sol/.autopilot/db/Vadd_A_B.constraint.tcl 
Execute       source /home/lzc/workspace/decoder/vivado_rtl_kernel/Vadd_A_B_ex/imports/hls/prj/sol/.autopilot/db/Vadd_A_B.tbgen.tcl 
INFO-FLOW: DBG:CMD:       hasPcoreIpAdapter=false #gSsdmPorts=0
INFO-FLOW: DBG:CMD: Skipping loadAnalyze_DB, #g_database=5
INFO-FLOW: DBG:CMD:       generate_json is_phase_csynth=1 g_has_adaptors=false generate_bd_files=0 #modelList=5 #gSsdmPorts=0
Execute       source /home/lzc/document/Xilinx/Vivado/2019.1/tps/tcl/tcllib1.11.1/fileutil/fileutil.tcl 
Execute         source /home/lzc/document/Xilinx/Vivado/2019.1/tps/tcl/tcllib1.11.1/cmdline/cmdline.tcl 
Execute       source /home/lzc/workspace/decoder/vivado_rtl_kernel/Vadd_A_B_ex/imports/hls/prj/sol/.autopilot/db/global.setting.tcl 
Execute       source /home/lzc/workspace/decoder/vivado_rtl_kernel/Vadd_A_B_ex/imports/hls/prj/sol/.autopilot/db/global.setting.tcl 
Execute       get_config_export -xo 
Execute       source /home/lzc/workspace/decoder/vivado_rtl_kernel/Vadd_A_B_ex/imports/hls/prj/sol/.autopilot/db/Vadd_A_B.tbgen.tcl 
Execute       source /home/lzc/workspace/decoder/vivado_rtl_kernel/Vadd_A_B_ex/imports/hls/prj/sol/.autopilot/db/Vadd_A_B.compgen.dataonly.tcl 
Execute       source /home/lzc/workspace/decoder/vivado_rtl_kernel/Vadd_A_B_ex/imports/hls/prj/sol/.autopilot/db/Vadd_A_B.compgen.dataonly.tcl 
Execute       source /home/lzc/workspace/decoder/vivado_rtl_kernel/Vadd_A_B_ex/imports/hls/prj/sol/.autopilot/db/Vadd_A_B.tbgen.tcl 
Execute       source /home/lzc/workspace/decoder/vivado_rtl_kernel/Vadd_A_B_ex/imports/hls/prj/sol/.autopilot/db/Vadd_A_B.tbgen.tcl 
Execute       source /home/lzc/workspace/decoder/vivado_rtl_kernel/Vadd_A_B_ex/imports/hls/prj/sol/.autopilot/db/global.setting.tcl 
Execute       get_config_sdx -target 
Execute       source /home/lzc/workspace/decoder/vivado_rtl_kernel/Vadd_A_B_ex/imports/hls/prj/sol/.autopilot/db/Vadd_A_B.rtl_wrap.cfg.tcl 
Execute       source /home/lzc/workspace/decoder/vivado_rtl_kernel/Vadd_A_B_ex/imports/hls/prj/sol/.autopilot/db/Vadd_A_B.compgen.dataonly.tcl 
Execute       source /home/lzc/workspace/decoder/vivado_rtl_kernel/Vadd_A_B_ex/imports/hls/prj/sol/.autopilot/db/global.setting.tcl 
Execute       ap_part_info -name xcu200-fsgd2104-2-e -data names -quiet 
Execute       ap_part_info -name xcu200-fsgd2104-2-e -data info -quiet 
Execute       source /home/lzc/workspace/decoder/vivado_rtl_kernel/Vadd_A_B_ex/imports/hls/prj/sol/.autopilot/db/Vadd_A_B.constraint.tcl 
Execute       sc_get_clocks Vadd_A_B 
Execute       ap_part_info -name xcu200-fsgd2104-2-e -data names -quiet 
Execute       ap_part_info -name xcu200-fsgd2104-2-e -data info -quiet 
Execute       source /home/lzc/workspace/decoder/vivado_rtl_kernel/Vadd_A_B_ex/imports/hls/prj/sol/.autopilot/db/global.setting.tcl 
Execute       get_config_debug -directory 
Execute       source /home/lzc/workspace/decoder/vivado_rtl_kernel/Vadd_A_B_ex/imports/hls/prj/sol/.autopilot/db/Vadd_A_B.tbgen.tcl 
Execute       get_config_sdx -target 
Execute       get_config_sdx -profile 
Execute       get_config_rtl -kernel_profile 
Execute       get_config_rtl -stall_sig_gen 
Execute       get_config_rtl -profile 
INFO-FLOW: DBG:CMD: add_json_sdx_info kernel file does not exist, skipping opencl info: /home/lzc/workspace/decoder/vivado_rtl_kernel/Vadd_A_B_ex/imports/hls/prj/sol/.autopilot/db/kernel.internal.xml
INFO-FLOW: DBG:CMD:       delete-temp-dirs (skipped for debug)
INFO: [HLS 200-111] Finished generating all RTL models Time (s): cpu = 00:00:22 ; elapsed = 00:02:31 . Memory (MB): peak = 836.227 ; gain = 128.000 ; free physical = 127 ; free virtual = 6301
INFO: [VHDL 208-304] Generating VHDL RTL for Vadd_A_B.
INFO: [VLOG 209-307] Generating Verilog RTL for Vadd_A_B.
Command     autosyn done; 13.2 sec.
Command   csynth_design done; 141.36 sec.
Execute   cleanup_all 
